<?xml version="1.0" encoding="UTF-8"?>
<testsuite xmlns:xsi="http://www.w3.org/2001/XMLSchema-instance" xsi:noNamespaceSchemaLocation="https://maven.apache.org/surefire/maven-surefire-plugin/xsd/surefire-test-report.xsd" name="uk.ac.ed.inf.AppTest" time="2.54" tests="2" errors="0" skipped="0" failures="0">
  <properties>
[...]
</properties>
  <testcase name="testPath" classname="uk.ac.ed.inf.AppTest" time="2.394"/>
  <testcase name="myTest1" classname="uk.ac.ed.inf.AppTest" time="0.113"/>
</testsuite>